#
# A fatal error has been detected by the Java Runtime Environment:
#
#  EXCEPTION_ILLEGAL_INSTRUCTION (0xc000001d) at pc=0x00007ffb3b635c9c, pid=3384, tid=5676
#
# JRE version: OpenJDK Runtime Environment (11.0.7+10) (build 11.0.7+10)
# Java VM: OpenJDK 64-Bit Server VM (11.0.7+10, mixed mode, tiered, compressed oops, g1 gc, windows-amd64)
# Problematic frame:
# V  [jvm.dll+0x195c9c]
#
# No core dump will be written. Minidumps are not enabled by default on client versions of Windows
#
# If you would like to submit a bug report, please visit:
#   https://github.com/AdoptOpenJDK/openjdk-support/issues
#

---------------  S U M M A R Y ------------

Command Line: -Dorg.gradle.native=false -Xmx512m -Dfile.encoding=windows-1252 -Duser.country=US -Duser.language=en -Duser.variant -ea worker.org.gradle.process.internal.worker.GradleWorkerMain 'Gradle Test Executor 2'

Host: Intel(R) Core(TM) i7-3770K CPU @ 3.50GHz, 8 cores, 15G,  Windows 10 , 64 bit Build 18362 (10.0.18362.959)
Time: Fri Jul 17 13:34:09 2020 E. South America Standard Time elapsed time: 0 seconds (0d 0h 0m 0s)

---------------  T H R E A D  ---------------

Current thread (0x000001773386c800):  JavaThread "C2 CompilerThread0" daemon [_thread_in_native, id=5676, stack(0x0000000822a00000,0x0000000822b00000)]


Current CompileTask:
C2:    119  113  s    4       java.io.BufferedInputStream::read (49 bytes)

Stack: [0x0000000822a00000,0x0000000822b00000],  sp=0x0000000822afb8e0,  free space=1006k
Native frames: (J=compiled Java code, j=interpreted, Vv=VM code, C=native code)
V  [jvm.dll+0x195c9c]
V  [jvm.dll+0x313d34]
V  [jvm.dll+0x3130fa]
V  [jvm.dll+0x1fa495]
V  [jvm.dll+0x1f964f]
V  [jvm.dll+0x17e11c]
V  [jvm.dll+0x208a97]
V  [jvm.dll+0x206c7b]
V  [jvm.dll+0x6db519]
V  [jvm.dll+0x6d47b4]
V  [jvm.dll+0x5ddbe6]
C  [ucrtbase.dll+0x20e82]
C  [KERNEL32.DLL+0x17bd4]
C  [ntdll.dll+0x6ce51]


siginfo: EXCEPTION_ILLEGAL_INSTRUCTION (0xc000001d)


Register to memory mapping:

RIP=0x00007ffb3b635c9c jvm.dll
RAX=0x0000000084000000 is an unknown value
RBX=0x0 is NULL
RCX=0x00007ffb3b635bee jvm.dll
RDX=0x00007ffb3b4a0000 jvm.dll
RSP=0x0000000822afb8e0 is pointing into the stack for thread: 0x000001773386c800
RBP=0x0000000822afba70 is pointing into the stack for thread: 0x000001773386c800
RSI=0x0000017733882940 points into unknown readable memory: 90 8f c3 3b fb 7f 00 00
RDI=0x000000000000000d is an unknown value
R8 =0x0 is NULL
R9 =0x0000000000000010 is an unknown value
R10=0x0 is NULL
R11=0x0 is NULL
R12=0x0000000000000001 is an unknown value
R13=0x0000000000000001 is an unknown value
R14=0x0000017733968270 points into unknown readable memory: 80 2a c8 3b fb 7f 00 00
R15=0x000001773389cf80 points into unknown readable memory: c8 72 d1 3b fb 7f 00 00


Registers:
RAX=0x0000000084000000, RBX=0x0000000000000000, RCX=0x00007ffb3b635bee, RDX=0x00007ffb3b4a0000
RSP=0x0000000822afb8e0, RBP=0x0000000822afba70, RSI=0x0000017733882940, RDI=0x000000000000000d
R8 =0x0000000000000000, R9 =0x0000000000000010, R10=0x0000000000000000, R11=0x0000000000000000
R12=0x0000000000000001, R13=0x0000000000000001, R14=0x0000017733968270, R15=0x000001773389cf80
RIP=0x00007ffb3b635c9c, EFLAGS=0x0000000000010206

Top of Stack: (sp=0x0000000822afb8e0)
0x0000000822afb8e0:   0000017733a53500 0000017700000001
0x0000000822afb8f0:   0000017733a53598 0000000000000000
0x0000000822afb900:   0000001800000001 00007ffb00000001
0x0000000822afb910:   0000017733968270 0000000822afb9f0
0x0000000822afb920:   0000000000000000 0000000000000000
0x0000000822afb930:   0000017733a592b0 000001773387af40
0x0000000822afb940:   0000000000000000 000001773387af50
0x0000000822afb950:   00000000000003d8 00000000ffffff01
0x0000000822afb960:   0000000000000109 0000000822afba80
0x0000000822afb970:   0000000822afbe80 00007ffb3b7b3d34
0x0000000822afb980:   0000000822afba70 0000000822afba00
0x0000000822afb990:   00000000ffffff01 00000000ffffffff
0x0000000822afb9a0:   000001771fffff01 00000177338a8488
0x0000000822afb9b0:   0000000822afc0b0 00007ffb3ba0faae
0x0000000822afb9c0:   0000017733963658 00007ffb3b542c7f
0x0000000822afb9d0:   000001773395c050 000001773395c580 

Instructions: (pc=0x00007ffb3b635c9c)
0x00007ffb3b635b9c:   8b 98 00 00 00 01 e9 d7 00 00 00 49 8b ce c7 83
0x00007ffb3b635bac:   94 00 00 00 02 00 01 00 e8 37 f2 49 00 83 f8 02
0x00007ffb3b635bbc:   0f 85 af 00 00 00 49 8b ce e8 c6 f9 49 00 48 8b
0x00007ffb3b635bcc:   ac 24 a0 00 00 00 4c 8b 74 24 30 84 c0 0f 85 9f
0x00007ffb3b635bdc:   00 00 00 81 8b 98 00 00 00 20 01 00 00 e9 90 00
0x00007ffb3b635bec:   00 00 c7 83 94 00 00 00 01 00 01 00 4c 8b f0 eb
0x00007ffb3b635bfc:   79 c7 83 94 00 00 00 02 00 01 00 4c 8b f0 eb 6a
0x00007ffb3b635c0c:   c7 83 94 00 00 00 04 00 01 00 4c 8b f0 eb 5b c7
0x00007ffb3b635c1c:   83 94 00 00 00 08 00 01 00 4c 8b f0 eb 4c c7 83
0x00007ffb3b635c2c:   94 00 00 00 10 00 01 00 4c 8b f0 eb 3d 49 8b ce
0x00007ffb3b635c3c:   e8 af f1 49 00 81 8b 98 00 00 00 20 01 00 00 66
0x00007ffb3b635c4c:   89 83 94 00 00 00 66 89 83 96 00 00 00 eb 16 ba
0x00007ffb3b635c5c:   b6 03 00 00 48 8d 0d 61 15 66 00 e8 e4 ab 0a 00
0x00007ffb3b635c6c:   e8 bf 14 44 00 4c 8b 74 24 30 48 8b ac 24 a0 00
0x00007ffb3b635c7c:   00 00 0f b6 9c 24 a8 00 00 00 41 b8 ff ff ff ff
0x00007ffb3b635c8c:   8b 7e 18 89 7c 24 28 44 89 84 24 b8 00 00 00 84
0x00007ffb3b635c9c:   db 74 2f 48 8b 06 48 8b ce ff 90 b0 00 00 00 89
0x00007ffb3b635cac:   84 24 b8 00 00 00 44 8b c0 83 f8 ff 74 14 8b d0
0x00007ffb3b635cbc:   48 8b ce e8 4c ce 37 00 44 8b c0 89 84 24 b8 00
0x00007ffb3b635ccc:   00 00 44 3b e7 0f 83 01 02 00 00 41 8b c4 4c 8d
0x00007ffb3b635cdc:   2c c5 00 00 00 00 0f 1f 40 00 66 66 0f 1f 84 00
0x00007ffb3b635cec:   00 00 00 00 48 8b 46 08 4a 8b 0c 28 48 8b 85 28
0x00007ffb3b635cfc:   01 00 00 48 63 51 28 8b 3c 90 85 ff 0f 84 aa 01
0x00007ffb3b635d0c:   00 00 84 db 74 11 45 3b c4 75 0c 48 8b 06 48 8b
0x00007ffb3b635d1c:   ce ff 90 d8 00 00 00 80 bc 24 b0 00 00 00 00 74
0x00007ffb3b635d2c:   13 80 bd 30 01 00 00 00 74 0a 44 3b 66 30 0f 83
0x00007ffb3b635d3c:   78 01 00 00 48 8b 45 70 48 8d 1c bf 48 c1 e3 05
0x00007ffb3b635d4c:   41 8b d4 48 8b ce 48 03 58 20 48 8b 06 ff 90 80
0x00007ffb3b635d5c:   00 00 00 80 bc 24 a8 00 00 00 00 4c 8b f8 75 32
0x00007ffb3b635d6c:   48 8b 4e 08 f2 41 0f 10 4e 08 f2 0f 59 ce 4a 8b
0x00007ffb3b635d7c:   14 29 48 8b 4d 48 8b 7a 28 48 8b 51 78 48 8b 0c
0x00007ffb3b635d8c:   fa f2 0f 10 41 08 66 0f 2f c1 76 06 48 8d 7b 38 


Stack slot to memory mapping:
stack at sp + 0 slots: 0x0000017733a53500 points into unknown readable memory: 00 00 00 00 00 00 00 00
stack at sp + 1 slots: 0x0000017700000001 is an unknown value
stack at sp + 2 slots: 0x0000017733a53598 points into unknown readable memory: 20 00 00 00 00 00 00 00
stack at sp + 3 slots: 0x0 is NULL
stack at sp + 4 slots: 0x0000001800000001 is an unknown value
stack at sp + 5 slots: 0x00007ffb00000001 is an unknown value
stack at sp + 6 slots: 0x0000017733968270 points into unknown readable memory: 80 2a c8 3b fb 7f 00 00
stack at sp + 7 slots: 0x0000000822afb9f0 is pointing into the stack for thread: 0x000001773386c800


---------------  P R O C E S S  ---------------

Threads class SMR info:
_java_thread_list=0x0000017733ad6be0, length=11, elements={
0x00000177178d9000, 0x0000017733814000, 0x000001773381e000, 0x0000017733868800,
0x000001773386a800, 0x000001773386c800, 0x0000017733870800, 0x0000017733877000,
0x00000177339da000, 0x00000177339de800, 0x0000017733ace800
}

Java Threads: ( => current thread )
  0x00000177178d9000 JavaThread "main" [_thread_in_vm, id=13748, stack(0x0000000821f00000,0x0000000822000000)]
  0x0000017733814000 JavaThread "Reference Handler" daemon [_thread_blocked, id=6608, stack(0x0000000822600000,0x0000000822700000)]
  0x000001773381e000 JavaThread "Finalizer" daemon [_thread_blocked, id=11876, stack(0x0000000822700000,0x0000000822800000)]
  0x0000017733868800 JavaThread "Signal Dispatcher" daemon [_thread_blocked, id=5800, stack(0x0000000822800000,0x0000000822900000)]
  0x000001773386a800 JavaThread "Attach Listener" daemon [_thread_blocked, id=9988, stack(0x0000000822900000,0x0000000822a00000)]
=>0x000001773386c800 JavaThread "C2 CompilerThread0" daemon [_thread_in_native, id=5676, stack(0x0000000822a00000,0x0000000822b00000)]
  0x0000017733870800 JavaThread "C1 CompilerThread0" daemon [_thread_blocked, id=1388, stack(0x0000000822b00000,0x0000000822c00000)]
  0x0000017733877000 JavaThread "Sweeper thread" daemon [_thread_blocked, id=9236, stack(0x0000000822c00000,0x0000000822d00000)]
  0x00000177339da000 JavaThread "Service Thread" daemon [_thread_blocked, id=3616, stack(0x0000000822d00000,0x0000000822e00000)]
  0x00000177339de800 JavaThread "Common-Cleaner" daemon [_thread_blocked, id=11072, stack(0x0000000822f00000,0x0000000823000000)]
  0x0000017733ace800 JavaThread "C2 CompilerThread1" daemon [_thread_in_native, id=4496, stack(0x0000000823000000,0x0000000823100000)]

Other Threads:
  0x0000017732fd0800 VMThread "VM Thread" [stack: 0x0000000822500000,0x0000000822600000] [id=6524]
  0x00000177339dd800 WatcherThread [stack: 0x0000000822e00000,0x0000000822f00000] [id=3548]
  0x00000177178f0000 GCTaskThread "GC Thread#0" [stack: 0x0000000822000000,0x0000000822100000] [id=10624]
  0x0000017717902000 ConcurrentGCThread "G1 Main Marker" [stack: 0x0000000822100000,0x0000000822200000] [id=11224]
  0x0000017717903800 ConcurrentGCThread "G1 Conc#0" [stack: 0x0000000822200000,0x0000000822300000] [id=9548]
  0x0000017732e36800 ConcurrentGCThread "G1 Refine#0" [stack: 0x0000000822300000,0x0000000822400000] [id=3828]
  0x0000017732e37800 ConcurrentGCThread "G1 Young RemSet Sampling" [stack: 0x0000000822400000,0x0000000822500000] [id=6568]

Threads with active compile tasks:
C2 CompilerThread0    145  113  s    4       java.io.BufferedInputStream::read (49 bytes)
C2 CompilerThread1    145  207       4       java.lang.StringBuilder::append (8 bytes)

VM state:not at safepoint (normal execution)

VM Mutex/Monitor currently owned by a thread: None

Heap address: 0x00000000e0000000, size: 512 MB, Compressed Oops mode: 32-bit
Narrow klass base: 0x0000000000000000, Narrow klass shift: 3
Compressed class space size: 1073741824 Address: 0x0000000100000000

Heap:
 garbage-first heap   total 262144K, used 1024K [0x00000000e0000000, 0x0000000100000000)
  region size 1024K, 3 young (3072K), 0 survivors (0K)
 Metaspace       used 6217K, capacity 6399K, committed 6528K, reserved 1056768K
  class space    used 550K, capacity 640K, committed 640K, reserved 1048576K
Heap Regions: E=young(eden), S=young(survivor), O=old, HS=humongous(starts), HC=humongous(continues), CS=collection set, F=free, A=archive, TAMS=top-at-mark-start (previous, next)
|   0|0x00000000e0000000, 0x00000000e0000000, 0x00000000e0100000|  0%| F|  |TAMS 0x00000000e0000000, 0x00000000e0000000| Untracked 
|   1|0x00000000e0100000, 0x00000000e0100000, 0x00000000e0200000|  0%| F|  |TAMS 0x00000000e0100000, 0x00000000e0100000| Untracked 
|   2|0x00000000e0200000, 0x00000000e0200000, 0x00000000e0300000|  0%| F|  |TAMS 0x00000000e0200000, 0x00000000e0200000| Untracked 
|   3|0x00000000e0300000, 0x00000000e0300000, 0x00000000e0400000|  0%| F|  |TAMS 0x00000000e0300000, 0x00000000e0300000| Untracked 
|   4|0x00000000e0400000, 0x00000000e0400000, 0x00000000e0500000|  0%| F|  |TAMS 0x00000000e0400000, 0x00000000e0400000| Untracked 
|   5|0x00000000e0500000, 0x00000000e0500000, 0x00000000e0600000|  0%| F|  |TAMS 0x00000000e0500000, 0x00000000e0500000| Untracked 
|   6|0x00000000e0600000, 0x00000000e0600000, 0x00000000e0700000|  0%| F|  |TAMS 0x00000000e0600000, 0x00000000e0600000| Untracked 
|   7|0x00000000e0700000, 0x00000000e0700000, 0x00000000e0800000|  0%| F|  |TAMS 0x00000000e0700000, 0x00000000e0700000| Untracked 
|   8|0x00000000e0800000, 0x00000000e0800000, 0x00000000e0900000|  0%| F|  |TAMS 0x00000000e0800000, 0x00000000e0800000| Untracked 
|   9|0x00000000e0900000, 0x00000000e0900000, 0x00000000e0a00000|  0%| F|  |TAMS 0x00000000e0900000, 0x00000000e0900000| Untracked 
|  10|0x00000000e0a00000, 0x00000000e0a00000, 0x00000000e0b00000|  0%| F|  |TAMS 0x00000000e0a00000, 0x00000000e0a00000| Untracked 
|  11|0x00000000e0b00000, 0x00000000e0b00000, 0x00000000e0c00000|  0%| F|  |TAMS 0x00000000e0b00000, 0x00000000e0b00000| Untracked 
|  12|0x00000000e0c00000, 0x00000000e0c00000, 0x00000000e0d00000|  0%| F|  |TAMS 0x00000000e0c00000, 0x00000000e0c00000| Untracked 
|  13|0x00000000e0d00000, 0x00000000e0d00000, 0x00000000e0e00000|  0%| F|  |TAMS 0x00000000e0d00000, 0x00000000e0d00000| Untracked 
|  14|0x00000000e0e00000, 0x00000000e0e00000, 0x00000000e0f00000|  0%| F|  |TAMS 0x00000000e0e00000, 0x00000000e0e00000| Untracked 
|  15|0x00000000e0f00000, 0x00000000e0f00000, 0x00000000e1000000|  0%| F|  |TAMS 0x00000000e0f00000, 0x00000000e0f00000| Untracked 
|  16|0x00000000e1000000, 0x00000000e1000000, 0x00000000e1100000|  0%| F|  |TAMS 0x00000000e1000000, 0x00000000e1000000| Untracked 
|  17|0x00000000e1100000, 0x00000000e1100000, 0x00000000e1200000|  0%| F|  |TAMS 0x00000000e1100000, 0x00000000e1100000| Untracked 
|  18|0x00000000e1200000, 0x00000000e1200000, 0x00000000e1300000|  0%| F|  |TAMS 0x00000000e1200000, 0x00000000e1200000| Untracked 
|  19|0x00000000e1300000, 0x00000000e1300000, 0x00000000e1400000|  0%| F|  |TAMS 0x00000000e1300000, 0x00000000e1300000| Untracked 
|  20|0x00000000e1400000, 0x00000000e1400000, 0x00000000e1500000|  0%| F|  |TAMS 0x00000000e1400000, 0x00000000e1400000| Untracked 
|  21|0x00000000e1500000, 0x00000000e1500000, 0x00000000e1600000|  0%| F|  |TAMS 0x00000000e1500000, 0x00000000e1500000| Untracked 
|  22|0x00000000e1600000, 0x00000000e1600000, 0x00000000e1700000|  0%| F|  |TAMS 0x00000000e1600000, 0x00000000e1600000| Untracked 
|  23|0x00000000e1700000, 0x00000000e1700000, 0x00000000e1800000|  0%| F|  |TAMS 0x00000000e1700000, 0x00000000e1700000| Untracked 
|  24|0x00000000e1800000, 0x00000000e1800000, 0x00000000e1900000|  0%| F|  |TAMS 0x00000000e1800000, 0x00000000e1800000| Untracked 
|  25|0x00000000e1900000, 0x00000000e1900000, 0x00000000e1a00000|  0%| F|  |TAMS 0x00000000e1900000, 0x00000000e1900000| Untracked 
|  26|0x00000000e1a00000, 0x00000000e1a00000, 0x00000000e1b00000|  0%| F|  |TAMS 0x00000000e1a00000, 0x00000000e1a00000| Untracked 
|  27|0x00000000e1b00000, 0x00000000e1b00000, 0x00000000e1c00000|  0%| F|  |TAMS 0x00000000e1b00000, 0x00000000e1b00000| Untracked 
|  28|0x00000000e1c00000, 0x00000000e1c00000, 0x00000000e1d00000|  0%| F|  |TAMS 0x00000000e1c00000, 0x00000000e1c00000| Untracked 
|  29|0x00000000e1d00000, 0x00000000e1d00000, 0x00000000e1e00000|  0%| F|  |TAMS 0x00000000e1d00000, 0x00000000e1d00000| Untracked 
|  30|0x00000000e1e00000, 0x00000000e1e00000, 0x00000000e1f00000|  0%| F|  |TAMS 0x00000000e1e00000, 0x00000000e1e00000| Untracked 
|  31|0x00000000e1f00000, 0x00000000e1f00000, 0x00000000e2000000|  0%| F|  |TAMS 0x00000000e1f00000, 0x00000000e1f00000| Untracked 
|  32|0x00000000e2000000, 0x00000000e2000000, 0x00000000e2100000|  0%| F|  |TAMS 0x00000000e2000000, 0x00000000e2000000| Untracked 
|  33|0x00000000e2100000, 0x00000000e2100000, 0x00000000e2200000|  0%| F|  |TAMS 0x00000000e2100000, 0x00000000e2100000| Untracked 
|  34|0x00000000e2200000, 0x00000000e2200000, 0x00000000e2300000|  0%| F|  |TAMS 0x00000000e2200000, 0x00000000e2200000| Untracked 
|  35|0x00000000e2300000, 0x00000000e2300000, 0x00000000e2400000|  0%| F|  |TAMS 0x00000000e2300000, 0x00000000e2300000| Untracked 
|  36|0x00000000e2400000, 0x00000000e2400000, 0x00000000e2500000|  0%| F|  |TAMS 0x00000000e2400000, 0x00000000e2400000| Untracked 
|  37|0x00000000e2500000, 0x00000000e2500000, 0x00000000e2600000|  0%| F|  |TAMS 0x00000000e2500000, 0x00000000e2500000| Untracked 
|  38|0x00000000e2600000, 0x00000000e2600000, 0x00000000e2700000|  0%| F|  |TAMS 0x00000000e2600000, 0x00000000e2600000| Untracked 
|  39|0x00000000e2700000, 0x00000000e2700000, 0x00000000e2800000|  0%| F|  |TAMS 0x00000000e2700000, 0x00000000e2700000| Untracked 
|  40|0x00000000e2800000, 0x00000000e2800000, 0x00000000e2900000|  0%| F|  |TAMS 0x00000000e2800000, 0x00000000e2800000| Untracked 
|  41|0x00000000e2900000, 0x00000000e2900000, 0x00000000e2a00000|  0%| F|  |TAMS 0x00000000e2900000, 0x00000000e2900000| Untracked 
|  42|0x00000000e2a00000, 0x00000000e2a00000, 0x00000000e2b00000|  0%| F|  |TAMS 0x00000000e2a00000, 0x00000000e2a00000| Untracked 
|  43|0x00000000e2b00000, 0x00000000e2b00000, 0x00000000e2c00000|  0%| F|  |TAMS 0x00000000e2b00000, 0x00000000e2b00000| Untracked 
|  44|0x00000000e2c00000, 0x00000000e2c00000, 0x00000000e2d00000|  0%| F|  |TAMS 0x00000000e2c00000, 0x00000000e2c00000| Untracked 
|  45|0x00000000e2d00000, 0x00000000e2d00000, 0x00000000e2e00000|  0%| F|  |TAMS 0x00000000e2d00000, 0x00000000e2d00000| Untracked 
|  46|0x00000000e2e00000, 0x00000000e2e00000, 0x00000000e2f00000|  0%| F|  |TAMS 0x00000000e2e00000, 0x00000000e2e00000| Untracked 
|  47|0x00000000e2f00000, 0x00000000e2f00000, 0x00000000e3000000|  0%| F|  |TAMS 0x00000000e2f00000, 0x00000000e2f00000| Untracked 
|  48|0x00000000e3000000, 0x00000000e3000000, 0x00000000e3100000|  0%| F|  |TAMS 0x00000000e3000000, 0x00000000e3000000| Untracked 
|  49|0x00000000e3100000, 0x00000000e3100000, 0x00000000e3200000|  0%| F|  |TAMS 0x00000000e3100000, 0x00000000e3100000| Untracked 
|  50|0x00000000e3200000, 0x00000000e3200000, 0x00000000e3300000|  0%| F|  |TAMS 0x00000000e3200000, 0x00000000e3200000| Untracked 
|  51|0x00000000e3300000, 0x00000000e3300000, 0x00000000e3400000|  0%| F|  |TAMS 0x00000000e3300000, 0x00000000e3300000| Untracked 
|  52|0x00000000e3400000, 0x00000000e3400000, 0x00000000e3500000|  0%| F|  |TAMS 0x00000000e3400000, 0x00000000e3400000| Untracked 
|  53|0x00000000e3500000, 0x00000000e3500000, 0x00000000e3600000|  0%| F|  |TAMS 0x00000000e3500000, 0x00000000e3500000| Untracked 
|  54|0x00000000e3600000, 0x00000000e3600000, 0x00000000e3700000|  0%| F|  |TAMS 0x00000000e3600000, 0x00000000e3600000| Untracked 
|  55|0x00000000e3700000, 0x00000000e3700000, 0x00000000e3800000|  0%| F|  |TAMS 0x00000000e3700000, 0x00000000e3700000| Untracked 
|  56|0x00000000e3800000, 0x00000000e3800000, 0x00000000e3900000|  0%| F|  |TAMS 0x00000000e3800000, 0x00000000e3800000| Untracked 
|  57|0x00000000e3900000, 0x00000000e3900000, 0x00000000e3a00000|  0%| F|  |TAMS 0x00000000e3900000, 0x00000000e3900000| Untracked 
|  58|0x00000000e3a00000, 0x00000000e3a00000, 0x00000000e3b00000|  0%| F|  |TAMS 0x00000000e3a00000, 0x00000000e3a00000| Untracked 
|  59|0x00000000e3b00000, 0x00000000e3b00000, 0x00000000e3c00000|  0%| F|  |TAMS 0x00000000e3b00000, 0x00000000e3b00000| Untracked 
|  60|0x00000000e3c00000, 0x00000000e3c00000, 0x00000000e3d00000|  0%| F|  |TAMS 0x00000000e3c00000, 0x00000000e3c00000| Untracked 
|  61|0x00000000e3d00000, 0x00000000e3d00000, 0x00000000e3e00000|  0%| F|  |TAMS 0x00000000e3d00000, 0x00000000e3d00000| Untracked 
|  62|0x00000000e3e00000, 0x00000000e3e00000, 0x00000000e3f00000|  0%| F|  |TAMS 0x00000000e3e00000, 0x00000000e3e00000| Untracked 
|  63|0x00000000e3f00000, 0x00000000e3f00000, 0x00000000e4000000|  0%| F|  |TAMS 0x00000000e3f00000, 0x00000000e3f00000| Untracked 
|  64|0x00000000e4000000, 0x00000000e4000000, 0x00000000e4100000|  0%| F|  |TAMS 0x00000000e4000000, 0x00000000e4000000| Untracked 
|  65|0x00000000e4100000, 0x00000000e4100000, 0x00000000e4200000|  0%| F|  |TAMS 0x00000000e4100000, 0x00000000e4100000| Untracked 
|  66|0x00000000e4200000, 0x00000000e4200000, 0x00000000e4300000|  0%| F|  |TAMS 0x00000000e4200000, 0x00000000e4200000| Untracked 
|  67|0x00000000e4300000, 0x00000000e4300000, 0x00000000e4400000|  0%| F|  |TAMS 0x00000000e4300000, 0x00000000e4300000| Untracked 
|  68|0x00000000e4400000, 0x00000000e4400000, 0x00000000e4500000|  0%| F|  |TAMS 0x00000000e4400000, 0x00000000e4400000| Untracked 
|  69|0x00000000e4500000, 0x00000000e4500000, 0x00000000e4600000|  0%| F|  |TAMS 0x00000000e4500000, 0x00000000e4500000| Untracked 
|  70|0x00000000e4600000, 0x00000000e4600000, 0x00000000e4700000|  0%| F|  |TAMS 0x00000000e4600000, 0x00000000e4600000| Untracked 
|  71|0x00000000e4700000, 0x00000000e4700000, 0x00000000e4800000|  0%| F|  |TAMS 0x00000000e4700000, 0x00000000e4700000| Untracked 
|  72|0x00000000e4800000, 0x00000000e4800000, 0x00000000e4900000|  0%| F|  |TAMS 0x00000000e4800000, 0x00000000e4800000| Untracked 
|  73|0x00000000e4900000, 0x00000000e4900000, 0x00000000e4a00000|  0%| F|  |TAMS 0x00000000e4900000, 0x00000000e4900000| Untracked 
|  74|0x00000000e4a00000, 0x00000000e4a00000, 0x00000000e4b00000|  0%| F|  |TAMS 0x00000000e4a00000, 0x00000000e4a00000| Untracked 
|  75|0x00000000e4b00000, 0x00000000e4b00000, 0x00000000e4c00000|  0%| F|  |TAMS 0x00000000e4b00000, 0x00000000e4b00000| Untracked 
|  76|0x00000000e4c00000, 0x00000000e4c00000, 0x00000000e4d00000|  0%| F|  |TAMS 0x00000000e4c00000, 0x00000000e4c00000| Untracked 
|  77|0x00000000e4d00000, 0x00000000e4d00000, 0x00000000e4e00000|  0%| F|  |TAMS 0x00000000e4d00000, 0x00000000e4d00000| Untracked 
|  78|0x00000000e4e00000, 0x00000000e4e00000, 0x00000000e4f00000|  0%| F|  |TAMS 0x00000000e4e00000, 0x00000000e4e00000| Untracked 
|  79|0x00000000e4f00000, 0x00000000e4f00000, 0x00000000e5000000|  0%| F|  |TAMS 0x00000000e4f00000, 0x00000000e4f00000| Untracked 
|  80|0x00000000e5000000, 0x00000000e5000000, 0x00000000e5100000|  0%| F|  |TAMS 0x00000000e5000000, 0x00000000e5000000| Untracked 
|  81|0x00000000e5100000, 0x00000000e5100000, 0x00000000e5200000|  0%| F|  |TAMS 0x00000000e5100000, 0x00000000e5100000| Untracked 
|  82|0x00000000e5200000, 0x00000000e5200000, 0x00000000e5300000|  0%| F|  |TAMS 0x00000000e5200000, 0x00000000e5200000| Untracked 
|  83|0x00000000e5300000, 0x00000000e5300000, 0x00000000e5400000|  0%| F|  |TAMS 0x00000000e5300000, 0x00000000e5300000| Untracked 
|  84|0x00000000e5400000, 0x00000000e5400000, 0x00000000e5500000|  0%| F|  |TAMS 0x00000000e5400000, 0x00000000e5400000| Untracked 
|  85|0x00000000e5500000, 0x00000000e5500000, 0x00000000e5600000|  0%| F|  |TAMS 0x00000000e5500000, 0x00000000e5500000| Untracked 
|  86|0x00000000e5600000, 0x00000000e5600000, 0x00000000e5700000|  0%| F|  |TAMS 0x00000000e5600000, 0x00000000e5600000| Untracked 
|  87|0x00000000e5700000, 0x00000000e5700000, 0x00000000e5800000|  0%| F|  |TAMS 0x00000000e5700000, 0x00000000e5700000| Untracked 
|  88|0x00000000e5800000, 0x00000000e5800000, 0x00000000e5900000|  0%| F|  |TAMS 0x00000000e5800000, 0x00000000e5800000| Untracked 
|  89|0x00000000e5900000, 0x00000000e5900000, 0x00000000e5a00000|  0%| F|  |TAMS 0x00000000e5900000, 0x00000000e5900000| Untracked 
|  90|0x00000000e5a00000, 0x00000000e5a00000, 0x00000000e5b00000|  0%| F|  |TAMS 0x00000000e5a00000, 0x00000000e5a00000| Untracked 
|  91|0x00000000e5b00000, 0x00000000e5b00000, 0x00000000e5c00000|  0%| F|  |TAMS 0x00000000e5b00000, 0x00000000e5b00000| Untracked 
|  92|0x00000000e5c00000, 0x00000000e5c00000, 0x00000000e5d00000|  0%| F|  |TAMS 0x00000000e5c00000, 0x00000000e5c00000| Untracked 
|  93|0x00000000e5d00000, 0x00000000e5d00000, 0x00000000e5e00000|  0%| F|  |TAMS 0x00000000e5d00000, 0x00000000e5d00000| Untracked 
|  94|0x00000000e5e00000, 0x00000000e5e00000, 0x00000000e5f00000|  0%| F|  |TAMS 0x00000000e5e00000, 0x00000000e5e00000| Untracked 
|  95|0x00000000e5f00000, 0x00000000e5f00000, 0x00000000e6000000|  0%| F|  |TAMS 0x00000000e5f00000, 0x00000000e5f00000| Untracked 
|  96|0x00000000e6000000, 0x00000000e6000000, 0x00000000e6100000|  0%| F|  |TAMS 0x00000000e6000000, 0x00000000e6000000| Untracked 
|  97|0x00000000e6100000, 0x00000000e6100000, 0x00000000e6200000|  0%| F|  |TAMS 0x00000000e6100000, 0x00000000e6100000| Untracked 
|  98|0x00000000e6200000, 0x00000000e6200000, 0x00000000e6300000|  0%| F|  |TAMS 0x00000000e6200000, 0x00000000e6200000| Untracked 
|  99|0x00000000e6300000, 0x00000000e6300000, 0x00000000e6400000|  0%| F|  |TAMS 0x00000000e6300000, 0x00000000e6300000| Untracked 
| 100|0x00000000e6400000, 0x00000000e6400000, 0x00000000e6500000|  0%| F|  |TAMS 0x00000000e6400000, 0x00000000e6400000| Untracked 
| 101|0x00000000e6500000, 0x00000000e6500000, 0x00000000e6600000|  0%| F|  |TAMS 0x00000000e6500000, 0x00000000e6500000| Untracked 
| 102|0x00000000e6600000, 0x00000000e6600000, 0x00000000e6700000|  0%| F|  |TAMS 0x00000000e6600000, 0x00000000e6600000| Untracked 
| 103|0x00000000e6700000, 0x00000000e6700000, 0x00000000e6800000|  0%| F|  |TAMS 0x00000000e6700000, 0x00000000e6700000| Untracked 
| 104|0x00000000e6800000, 0x00000000e6800000, 0x00000000e6900000|  0%| F|  |TAMS 0x00000000e6800000, 0x00000000e6800000| Untracked 
| 105|0x00000000e6900000, 0x00000000e6900000, 0x00000000e6a00000|  0%| F|  |TAMS 0x00000000e6900000, 0x00000000e6900000| Untracked 
| 106|0x00000000e6a00000, 0x00000000e6a00000, 0x00000000e6b00000|  0%| F|  |TAMS 0x00000000e6a00000, 0x00000000e6a00000| Untracked 
| 107|0x00000000e6b00000, 0x00000000e6b00000, 0x00000000e6c00000|  0%| F|  |TAMS 0x00000000e6b00000, 0x00000000e6b00000| Untracked 
| 108|0x00000000e6c00000, 0x00000000e6c00000, 0x00000000e6d00000|  0%| F|  |TAMS 0x00000000e6c00000, 0x00000000e6c00000| Untracked 
| 109|0x00000000e6d00000, 0x00000000e6d00000, 0x00000000e6e00000|  0%| F|  |TAMS 0x00000000e6d00000, 0x00000000e6d00000| Untracked 
| 110|0x00000000e6e00000, 0x00000000e6e00000, 0x00000000e6f00000|  0%| F|  |TAMS 0x00000000e6e00000, 0x00000000e6e00000| Untracked 
| 111|0x00000000e6f00000, 0x00000000e6f00000, 0x00000000e7000000|  0%| F|  |TAMS 0x00000000e6f00000, 0x00000000e6f00000| Untracked 
| 112|0x00000000e7000000, 0x00000000e7000000, 0x00000000e7100000|  0%| F|  |TAMS 0x00000000e7000000, 0x00000000e7000000| Untracked 
| 113|0x00000000e7100000, 0x00000000e7100000, 0x00000000e7200000|  0%| F|  |TAMS 0x00000000e7100000, 0x00000000e7100000| Untracked 
| 114|0x00000000e7200000, 0x00000000e7200000, 0x00000000e7300000|  0%| F|  |TAMS 0x00000000e7200000, 0x00000000e7200000| Untracked 
| 115|0x00000000e7300000, 0x00000000e7300000, 0x00000000e7400000|  0%| F|  |TAMS 0x00000000e7300000, 0x00000000e7300000| Untracked 
| 116|0x00000000e7400000, 0x00000000e7400000, 0x00000000e7500000|  0%| F|  |TAMS 0x00000000e7400000, 0x00000000e7400000| Untracked 
| 117|0x00000000e7500000, 0x00000000e7500000, 0x00000000e7600000|  0%| F|  |TAMS 0x00000000e7500000, 0x00000000e7500000| Untracked 
| 118|0x00000000e7600000, 0x00000000e7600000, 0x00000000e7700000|  0%| F|  |TAMS 0x00000000e7600000, 0x00000000e7600000| Untracked 
| 119|0x00000000e7700000, 0x00000000e7700000, 0x00000000e7800000|  0%| F|  |TAMS 0x00000000e7700000, 0x00000000e7700000| Untracked 
| 120|0x00000000e7800000, 0x00000000e7800000, 0x00000000e7900000|  0%| F|  |TAMS 0x00000000e7800000, 0x00000000e7800000| Untracked 
| 121|0x00000000e7900000, 0x00000000e7900000, 0x00000000e7a00000|  0%| F|  |TAMS 0x00000000e7900000, 0x00000000e7900000| Untracked 
| 122|0x00000000e7a00000, 0x00000000e7a00000, 0x00000000e7b00000|  0%| F|  |TAMS 0x00000000e7a00000, 0x00000000e7a00000| Untracked 
| 123|0x00000000e7b00000, 0x00000000e7b00000, 0x00000000e7c00000|  0%| F|  |TAMS 0x00000000e7b00000, 0x00000000e7b00000| Untracked 
| 124|0x00000000e7c00000, 0x00000000e7c00000, 0x00000000e7d00000|  0%| F|  |TAMS 0x00000000e7c00000, 0x00000000e7c00000| Untracked 
| 125|0x00000000e7d00000, 0x00000000e7d00000, 0x00000000e7e00000|  0%| F|  |TAMS 0x00000000e7d00000, 0x00000000e7d00000| Untracked 
| 126|0x00000000e7e00000, 0x00000000e7e00000, 0x00000000e7f00000|  0%| F|  |TAMS 0x00000000e7e00000, 0x00000000e7e00000| Untracked 
| 127|0x00000000e7f00000, 0x00000000e7f00000, 0x00000000e8000000|  0%| F|  |TAMS 0x00000000e7f00000, 0x00000000e7f00000| Untracked 
| 128|0x00000000e8000000, 0x00000000e8000000, 0x00000000e8100000|  0%| F|  |TAMS 0x00000000e8000000, 0x00000000e8000000| Untracked 
| 129|0x00000000e8100000, 0x00000000e8100000, 0x00000000e8200000|  0%| F|  |TAMS 0x00000000e8100000, 0x00000000e8100000| Untracked 
| 130|0x00000000e8200000, 0x00000000e8200000, 0x00000000e8300000|  0%| F|  |TAMS 0x00000000e8200000, 0x00000000e8200000| Untracked 
| 131|0x00000000e8300000, 0x00000000e8300000, 0x00000000e8400000|  0%| F|  |TAMS 0x00000000e8300000, 0x00000000e8300000| Untracked 
| 132|0x00000000e8400000, 0x00000000e8400000, 0x00000000e8500000|  0%| F|  |TAMS 0x00000000e8400000, 0x00000000e8400000| Untracked 
| 133|0x00000000e8500000, 0x00000000e8500000, 0x00000000e8600000|  0%| F|  |TAMS 0x00000000e8500000, 0x00000000e8500000| Untracked 
| 134|0x00000000e8600000, 0x00000000e8600000, 0x00000000e8700000|  0%| F|  |TAMS 0x00000000e8600000, 0x00000000e8600000| Untracked 
| 135|0x00000000e8700000, 0x00000000e8700000, 0x00000000e8800000|  0%| F|  |TAMS 0x00000000e8700000, 0x00000000e8700000| Untracked 
| 136|0x00000000e8800000, 0x00000000e8800000, 0x00000000e8900000|  0%| F|  |TAMS 0x00000000e8800000, 0x00000000e8800000| Untracked 
| 137|0x00000000e8900000, 0x00000000e8900000, 0x00000000e8a00000|  0%| F|  |TAMS 0x00000000e8900000, 0x00000000e8900000| Untracked 
| 138|0x00000000e8a00000, 0x00000000e8a00000, 0x00000000e8b00000|  0%| F|  |TAMS 0x00000000e8a00000, 0x00000000e8a00000| Untracked 
| 139|0x00000000e8b00000, 0x00000000e8b00000, 0x00000000e8c00000|  0%| F|  |TAMS 0x00000000e8b00000, 0x00000000e8b00000| Untracked 
| 140|0x00000000e8c00000, 0x00000000e8c00000, 0x00000000e8d00000|  0%| F|  |TAMS 0x00000000e8c00000, 0x00000000e8c00000| Untracked 
| 141|0x00000000e8d00000, 0x00000000e8d00000, 0x00000000e8e00000|  0%| F|  |TAMS 0x00000000e8d00000, 0x00000000e8d00000| Untracked 
| 142|0x00000000e8e00000, 0x00000000e8e00000, 0x00000000e8f00000|  0%| F|  |TAMS 0x00000000e8e00000, 0x00000000e8e00000| Untracked 
| 143|0x00000000e8f00000, 0x00000000e8f00000, 0x00000000e9000000|  0%| F|  |TAMS 0x00000000e8f00000, 0x00000000e8f00000| Untracked 
| 144|0x00000000e9000000, 0x00000000e9000000, 0x00000000e9100000|  0%| F|  |TAMS 0x00000000e9000000, 0x00000000e9000000| Untracked 
| 145|0x00000000e9100000, 0x00000000e9100000, 0x00000000e9200000|  0%| F|  |TAMS 0x00000000e9100000, 0x00000000e9100000| Untracked 
| 146|0x00000000e9200000, 0x00000000e9200000, 0x00000000e9300000|  0%| F|  |TAMS 0x00000000e9200000, 0x00000000e9200000| Untracked 
| 147|0x00000000e9300000, 0x00000000e9300000, 0x00000000e9400000|  0%| F|  |TAMS 0x00000000e9300000, 0x00000000e9300000| Untracked 
| 148|0x00000000e9400000, 0x00000000e9400000, 0x00000000e9500000|  0%| F|  |TAMS 0x00000000e9400000, 0x00000000e9400000| Untracked 
| 149|0x00000000e9500000, 0x00000000e9500000, 0x00000000e9600000|  0%| F|  |TAMS 0x00000000e9500000, 0x00000000e9500000| Untracked 
| 150|0x00000000e9600000, 0x00000000e9600000, 0x00000000e9700000|  0%| F|  |TAMS 0x00000000e9600000, 0x00000000e9600000| Untracked 
| 151|0x00000000e9700000, 0x00000000e9700000, 0x00000000e9800000|  0%| F|  |TAMS 0x00000000e9700000, 0x00000000e9700000| Untracked 
| 152|0x00000000e9800000, 0x00000000e9800000, 0x00000000e9900000|  0%| F|  |TAMS 0x00000000e9800000, 0x00000000e9800000| Untracked 
| 153|0x00000000e9900000, 0x00000000e9900000, 0x00000000e9a00000|  0%| F|  |TAMS 0x00000000e9900000, 0x00000000e9900000| Untracked 
| 154|0x00000000e9a00000, 0x00000000e9a00000, 0x00000000e9b00000|  0%| F|  |TAMS 0x00000000e9a00000, 0x00000000e9a00000| Untracked 
| 155|0x00000000e9b00000, 0x00000000e9b00000, 0x00000000e9c00000|  0%| F|  |TAMS 0x00000000e9b00000, 0x00000000e9b00000| Untracked 
| 156|0x00000000e9c00000, 0x00000000e9c00000, 0x00000000e9d00000|  0%| F|  |TAMS 0x00000000e9c00000, 0x00000000e9c00000| Untracked 
| 157|0x00000000e9d00000, 0x00000000e9d00000, 0x00000000e9e00000|  0%| F|  |TAMS 0x00000000e9d00000, 0x00000000e9d00000| Untracked 
| 158|0x00000000e9e00000, 0x00000000e9e00000, 0x00000000e9f00000|  0%| F|  |TAMS 0x00000000e9e00000, 0x00000000e9e00000| Untracked 
| 159|0x00000000e9f00000, 0x00000000e9f00000, 0x00000000ea000000|  0%| F|  |TAMS 0x00000000e9f00000, 0x00000000e9f00000| Untracked 
| 160|0x00000000ea000000, 0x00000000ea000000, 0x00000000ea100000|  0%| F|  |TAMS 0x00000000ea000000, 0x00000000ea000000| Untracked 
| 161|0x00000000ea100000, 0x00000000ea100000, 0x00000000ea200000|  0%| F|  |TAMS 0x00000000ea100000, 0x00000000ea100000| Untracked 
| 162|0x00000000ea200000, 0x00000000ea200000, 0x00000000ea300000|  0%| F|  |TAMS 0x00000000ea200000, 0x00000000ea200000| Untracked 
| 163|0x00000000ea300000, 0x00000000ea300000, 0x00000000ea400000|  0%| F|  |TAMS 0x00000000ea300000, 0x00000000ea300000| Untracked 
| 164|0x00000000ea400000, 0x00000000ea400000, 0x00000000ea500000|  0%| F|  |TAMS 0x00000000ea400000, 0x00000000ea400000| Untracked 
| 165|0x00000000ea500000, 0x00000000ea500000, 0x00000000ea600000|  0%| F|  |TAMS 0x00000000ea500000, 0x00000000ea500000| Untracked 
| 166|0x00000000ea600000, 0x00000000ea600000, 0x00000000ea700000|  0%| F|  |TAMS 0x00000000ea600000, 0x00000000ea600000| Untracked 
| 167|0x00000000ea700000, 0x00000000ea700000, 0x00000000ea800000|  0%| F|  |TAMS 0x00000000ea700000, 0x00000000ea700000| Untracked 
| 168|0x00000000ea800000, 0x00000000ea800000, 0x00000000ea900000|  0%| F|  |TAMS 0x00000000ea800000, 0x00000000ea800000| Untracked 
| 169|0x00000000ea900000, 0x00000000ea900000, 0x00000000eaa00000|  0%| F|  |TAMS 0x00000000ea900000, 0x00000000ea900000| Untracked 
| 170|0x00000000eaa00000, 0x00000000eaa00000, 0x00000000eab00000|  0%| F|  |TAMS 0x00000000eaa00000, 0x00000000eaa00000| Untracked 
| 171|0x00000000eab00000, 0x00000000eab00000, 0x00000000eac00000|  0%| F|  |TAMS 0x00000000eab00000, 0x00000000eab00000| Untracked 
| 172|0x00000000eac00000, 0x00000000eac00000, 0x00000000ead00000|  0%| F|  |TAMS 0x00000000eac00000, 0x00000000eac00000| Untracked 
| 173|0x00000000ead00000, 0x00000000ead00000, 0x00000000eae00000|  0%| F|  |TAMS 0x00000000ead00000, 0x00000000ead00000| Untracked 
| 174|0x00000000eae00000, 0x00000000eae00000, 0x00000000eaf00000|  0%| F|  |TAMS 0x00000000eae00000, 0x00000000eae00000| Untracked 
| 175|0x00000000eaf00000, 0x00000000eaf00000, 0x00000000eb000000|  0%| F|  |TAMS 0x00000000eaf00000, 0x00000000eaf00000| Untracked 
| 176|0x00000000eb000000, 0x00000000eb000000, 0x00000000eb100000|  0%| F|  |TAMS 0x00000000eb000000, 0x00000000eb000000| Untracked 
| 177|0x00000000eb100000, 0x00000000eb100000, 0x00000000eb200000|  0%| F|  |TAMS 0x00000000eb100000, 0x00000000eb100000| Untracked 
| 178|0x00000000eb200000, 0x00000000eb200000, 0x00000000eb300000|  0%| F|  |TAMS 0x00000000eb200000, 0x00000000eb200000| Untracked 
| 179|0x00000000eb300000, 0x00000000eb300000, 0x00000000eb400000|  0%| F|  |TAMS 0x00000000eb300000, 0x00000000eb300000| Untracked 
| 180|0x00000000eb400000, 0x00000000eb400000, 0x00000000eb500000|  0%| F|  |TAMS 0x00000000eb400000, 0x00000000eb400000| Untracked 
| 181|0x00000000eb500000, 0x00000000eb500000, 0x00000000eb600000|  0%| F|  |TAMS 0x00000000eb500000, 0x00000000eb500000| Untracked 
| 182|0x00000000eb600000, 0x00000000eb600000, 0x00000000eb700000|  0%| F|  |TAMS 0x00000000eb600000, 0x00000000eb600000| Untracked 
| 183|0x00000000eb700000, 0x00000000eb700000, 0x00000000eb800000|  0%| F|  |TAMS 0x00000000eb700000, 0x00000000eb700000| Untracked 
| 184|0x00000000eb800000, 0x00000000eb800000, 0x00000000eb900000|  0%| F|  |TAMS 0x00000000eb800000, 0x00000000eb800000| Untracked 
| 185|0x00000000eb900000, 0x00000000eb900000, 0x00000000eba00000|  0%| F|  |TAMS 0x00000000eb900000, 0x00000000eb900000| Untracked 
| 186|0x00000000eba00000, 0x00000000eba00000, 0x00000000ebb00000|  0%| F|  |TAMS 0x00000000eba00000, 0x00000000eba00000| Untracked 
| 187|0x00000000ebb00000, 0x00000000ebb00000, 0x00000000ebc00000|  0%| F|  |TAMS 0x00000000ebb00000, 0x00000000ebb00000| Untracked 
| 188|0x00000000ebc00000, 0x00000000ebc00000, 0x00000000ebd00000|  0%| F|  |TAMS 0x00000000ebc00000, 0x00000000ebc00000| Untracked 
| 189|0x00000000ebd00000, 0x00000000ebd00000, 0x00000000ebe00000|  0%| F|  |TAMS 0x00000000ebd00000, 0x00000000ebd00000| Untracked 
| 190|0x00000000ebe00000, 0x00000000ebe00000, 0x00000000ebf00000|  0%| F|  |TAMS 0x00000000ebe00000, 0x00000000ebe00000| Untracked 
| 191|0x00000000ebf00000, 0x00000000ebf00000, 0x00000000ec000000|  0%| F|  |TAMS 0x00000000ebf00000, 0x00000000ebf00000| Untracked 
| 192|0x00000000ec000000, 0x00000000ec000000, 0x00000000ec100000|  0%| F|  |TAMS 0x00000000ec000000, 0x00000000ec000000| Untracked 
| 193|0x00000000ec100000, 0x00000000ec100000, 0x00000000ec200000|  0%| F|  |TAMS 0x00000000ec100000, 0x00000000ec100000| Untracked 
| 194|0x00000000ec200000, 0x00000000ec200000, 0x00000000ec300000|  0%| F|  |TAMS 0x00000000ec200000, 0x00000000ec200000| Untracked 
| 195|0x00000000ec300000, 0x00000000ec300000, 0x00000000ec400000|  0%| F|  |TAMS 0x00000000ec300000, 0x00000000ec300000| Untracked 
| 196|0x00000000ec400000, 0x00000000ec400000, 0x00000000ec500000|  0%| F|  |TAMS 0x00000000ec400000, 0x00000000ec400000| Untracked 
| 197|0x00000000ec500000, 0x00000000ec500000, 0x00000000ec600000|  0%| F|  |TAMS 0x00000000ec500000, 0x00000000ec500000| Untracked 
| 198|0x00000000ec600000, 0x00000000ec600000, 0x00000000ec700000|  0%| F|  |TAMS 0x00000000ec600000, 0x00000000ec600000| Untracked 
| 199|0x00000000ec700000, 0x00000000ec700000, 0x00000000ec800000|  0%| F|  |TAMS 0x00000000ec700000, 0x00000000ec700000| Untracked 
| 200|0x00000000ec800000, 0x00000000ec800000, 0x00000000ec900000|  0%| F|  |TAMS 0x00000000ec800000, 0x00000000ec800000| Untracked 
| 201|0x00000000ec900000, 0x00000000ec900000, 0x00000000eca00000|  0%| F|  |TAMS 0x00000000ec900000, 0x00000000ec900000| Untracked 
| 202|0x00000000eca00000, 0x00000000eca00000, 0x00000000ecb00000|  0%| F|  |TAMS 0x00000000eca00000, 0x00000000eca00000| Untracked 
| 203|0x00000000ecb00000, 0x00000000ecb00000, 0x00000000ecc00000|  0%| F|  |TAMS 0x00000000ecb00000, 0x00000000ecb00000| Untracked 
| 204|0x00000000ecc00000, 0x00000000ecc00000, 0x00000000ecd00000|  0%| F|  |TAMS 0x00000000ecc00000, 0x00000000ecc00000| Untracked 
| 205|0x00000000ecd00000, 0x00000000ecd00000, 0x00000000ece00000|  0%| F|  |TAMS 0x00000000ecd00000, 0x00000000ecd00000| Untracked 
| 206|0x00000000ece00000, 0x00000000ece00000, 0x00000000ecf00000|  0%| F|  |TAMS 0x00000000ece00000, 0x00000000ece00000| Untracked 
| 207|0x00000000ecf00000, 0x00000000ecf00000, 0x00000000ed000000|  0%| F|  |TAMS 0x00000000ecf00000, 0x00000000ecf00000| Untracked 
| 208|0x00000000ed000000, 0x00000000ed000000, 0x00000000ed100000|  0%| F|  |TAMS 0x00000000ed000000, 0x00000000ed000000| Untracked 
| 209|0x00000000ed100000, 0x00000000ed100000, 0x00000000ed200000|  0%| F|  |TAMS 0x00000000ed100000, 0x00000000ed100000| Untracked 
| 210|0x00000000ed200000, 0x00000000ed200000, 0x00000000ed300000|  0%| F|  |TAMS 0x00000000ed200000, 0x00000000ed200000| Untracked 
| 211|0x00000000ed300000, 0x00000000ed300000, 0x00000000ed400000|  0%| F|  |TAMS 0x00000000ed300000, 0x00000000ed300000| Untracked 
| 212|0x00000000ed400000, 0x00000000ed400000, 0x00000000ed500000|  0%| F|  |TAMS 0x00000000ed400000, 0x00000000ed400000| Untracked 
| 213|0x00000000ed500000, 0x00000000ed500000, 0x00000000ed600000|  0%| F|  |TAMS 0x00000000ed500000, 0x00000000ed500000| Untracked 
| 214|0x00000000ed600000, 0x00000000ed600000, 0x00000000ed700000|  0%| F|  |TAMS 0x00000000ed600000, 0x00000000ed600000| Untracked 
| 215|0x00000000ed700000, 0x00000000ed700000, 0x00000000ed800000|  0%| F|  |TAMS 0x00000000ed700000, 0x00000000ed700000| Untracked 
| 216|0x00000000ed800000, 0x00000000ed800000, 0x00000000ed900000|  0%| F|  |TAMS 0x00000000ed800000, 0x00000000ed800000| Untracked 
| 217|0x00000000ed900000, 0x00000000ed900000, 0x00000000eda00000|  0%| F|  |TAMS 0x00000000ed900000, 0x00000000ed900000| Untracked 
| 218|0x00000000eda00000, 0x00000000eda00000, 0x00000000edb00000|  0%| F|  |TAMS 0x00000000eda00000, 0x00000000eda00000| Untracked 
| 219|0x00000000edb00000, 0x00000000edb00000, 0x00000000edc00000|  0%| F|  |TAMS 0x00000000edb00000, 0x00000000edb00000| Untracked 
| 220|0x00000000edc00000, 0x00000000edc00000, 0x00000000edd00000|  0%| F|  |TAMS 0x00000000edc00000, 0x00000000edc00000| Untracked 
| 221|0x00000000edd00000, 0x00000000edd00000, 0x00000000ede00000|  0%| F|  |TAMS 0x00000000edd00000, 0x00000000edd00000| Untracked 
| 222|0x00000000ede00000, 0x00000000ede00000, 0x00000000edf00000|  0%| F|  |TAMS 0x00000000ede00000, 0x00000000ede00000| Untracked 
| 223|0x00000000edf00000, 0x00000000edf00000, 0x00000000ee000000|  0%| F|  |TAMS 0x00000000edf00000, 0x00000000edf00000| Untracked 
| 224|0x00000000ee000000, 0x00000000ee000000, 0x00000000ee100000|  0%| F|  |TAMS 0x00000000ee000000, 0x00000000ee000000| Untracked 
| 225|0x00000000ee100000, 0x00000000ee100000, 0x00000000ee200000|  0%| F|  |TAMS 0x00000000ee100000, 0x00000000ee100000| Untracked 
| 226|0x00000000ee200000, 0x00000000ee200000, 0x00000000ee300000|  0%| F|  |TAMS 0x00000000ee200000, 0x00000000ee200000| Untracked 
| 227|0x00000000ee300000, 0x00000000ee300000, 0x00000000ee400000|  0%| F|  |TAMS 0x00000000ee300000, 0x00000000ee300000| Untracked 
| 228|0x00000000ee400000, 0x00000000ee400000, 0x00000000ee500000|  0%| F|  |TAMS 0x00000000ee400000, 0x00000000ee400000| Untracked 
| 229|0x00000000ee500000, 0x00000000ee500000, 0x00000000ee600000|  0%| F|  |TAMS 0x00000000ee500000, 0x00000000ee500000| Untracked 
| 230|0x00000000ee600000, 0x00000000ee600000, 0x00000000ee700000|  0%| F|  |TAMS 0x00000000ee600000, 0x00000000ee600000| Untracked 
| 231|0x00000000ee700000, 0x00000000ee700000, 0x00000000ee800000|  0%| F|  |TAMS 0x00000000ee700000, 0x00000000ee700000| Untracked 
| 232|0x00000000ee800000, 0x00000000ee800000, 0x00000000ee900000|  0%| F|  |TAMS 0x00000000ee800000, 0x00000000ee800000| Untracked 
| 233|0x00000000ee900000, 0x00000000ee900000, 0x00000000eea00000|  0%| F|  |TAMS 0x00000000ee900000, 0x00000000ee900000| Untracked 
| 234|0x00000000eea00000, 0x00000000eea00000, 0x00000000eeb00000|  0%| F|  |TAMS 0x00000000eea00000, 0x00000000eea00000| Untracked 
| 235|0x00000000eeb00000, 0x00000000eeb00000, 0x00000000eec00000|  0%| F|  |TAMS 0x00000000eeb00000, 0x00000000eeb00000| Untracked 
| 236|0x00000000eec00000, 0x00000000eec00000, 0x00000000eed00000|  0%| F|  |TAMS 0x00000000eec00000, 0x00000000eec00000| Untracked 
| 237|0x00000000eed00000, 0x00000000eed00000, 0x00000000eee00000|  0%| F|  |TAMS 0x00000000eed00000, 0x00000000eed00000| Untracked 
| 238|0x00000000eee00000, 0x00000000eee00000, 0x00000000eef00000|  0%| F|  |TAMS 0x00000000eee00000, 0x00000000eee00000| Untracked 
| 239|0x00000000eef00000, 0x00000000eef00000, 0x00000000ef000000|  0%| F|  |TAMS 0x00000000eef00000, 0x00000000eef00000| Untracked 
| 240|0x00000000ef000000, 0x00000000ef000000, 0x00000000ef100000|  0%| F|  |TAMS 0x00000000ef000000, 0x00000000ef000000| Untracked 
| 241|0x00000000ef100000, 0x00000000ef100000, 0x00000000ef200000|  0%| F|  |TAMS 0x00000000ef100000, 0x00000000ef100000| Untracked 
| 242|0x00000000ef200000, 0x00000000ef200000, 0x00000000ef300000|  0%| F|  |TAMS 0x00000000ef200000, 0x00000000ef200000| Untracked 
| 243|0x00000000ef300000, 0x00000000ef300000, 0x00000000ef400000|  0%| F|  |TAMS 0x00000000ef300000, 0x00000000ef300000| Untracked 
| 244|0x00000000ef400000, 0x00000000ef400000, 0x00000000ef500000|  0%| F|  |TAMS 0x00000000ef400000, 0x00000000ef400000| Untracked 
| 245|0x00000000ef500000, 0x00000000ef500000, 0x00000000ef600000|  0%| F|  |TAMS 0x00000000ef500000, 0x00000000ef500000| Untracked 
| 246|0x00000000ef600000, 0x00000000ef600000, 0x00000000ef700000|  0%| F|  |TAMS 0x00000000ef600000, 0x00000000ef600000| Untracked 
| 247|0x00000000ef700000, 0x00000000ef700000, 0x00000000ef800000|  0%| F|  |TAMS 0x00000000ef700000, 0x00000000ef700000| Untracked 
| 248|0x00000000ef800000, 0x00000000ef800000, 0x00000000ef900000|  0%| F|  |TAMS 0x00000000ef800000, 0x00000000ef800000| Untracked 
| 249|0x00000000ef900000, 0x00000000ef900000, 0x00000000efa00000|  0%| F|  |TAMS 0x00000000ef900000, 0x00000000ef900000| Untracked 
| 250|0x00000000efa00000, 0x00000000efa00000, 0x00000000efb00000|  0%| F|  |TAMS 0x00000000efa00000, 0x00000000efa00000| Untracked 
| 251|0x00000000efb00000, 0x00000000efb00000, 0x00000000efc00000|  0%| F|  |TAMS 0x00000000efb00000, 0x00000000efb00000| Untracked 
| 252|0x00000000efc00000, 0x00000000efc00000, 0x00000000efd00000|  0%| F|  |TAMS 0x00000000efc00000, 0x00000000efc00000| Untracked 
| 253|0x00000000efd00000, 0x00000000efe00000, 0x00000000efe00000|100%| E|  |TAMS 0x00000000efd00000, 0x00000000efd00000| Complete 
| 254|0x00000000efe00000, 0x00000000eff00000, 0x00000000eff00000|100%| E|  |TAMS 0x00000000efe00000, 0x00000000efe00000| Complete 
| 255|0x00000000eff00000, 0x00000000f0000000, 0x00000000f0000000|100%| E|CS|TAMS 0x00000000eff00000, 0x00000000eff00000| Complete 

Card table byte_map: [0x000001772f360000,0x000001772f460000] _byte_map_base: 0x000001772ec60000

Marking Bits (Prev, Next): (CMBitMap*) 0x00000177178ff308, (CMBitMap*) 0x00000177178ff340
 Prev Bits: [0x000001772f560000, 0x000001772fd60000)
 Next Bits: [0x000001772fd60000, 0x0000017730560000)

Polling page: 0x0000017715750000

Metaspace:

Usage:
  Non-class:      5.69 MB capacity,     5.59 MB ( 98%) used,    95.46 KB (  2%) free+waste,     3.38 KB ( <1%) overhead. 
      Class:    640.00 KB capacity,   560.60 KB ( 88%) used,    77.65 KB ( 12%) free+waste,     1.75 KB ( <1%) overhead. 
       Both:      6.31 MB capacity,     6.14 MB ( 97%) used,   173.11 KB (  3%) free+waste,     5.13 KB ( <1%) overhead. 

Virtual space:
  Non-class space:        8.00 MB reserved,       5.75 MB ( 72%) committed 
      Class space:        1.00 GB reserved,     640.00 KB ( <1%) committed 
             Both:        1.01 GB reserved,       6.38 MB ( <1%) committed 

Chunk freelists:
   Non-Class:  1.00 KB
       Class:  0 bytes
        Both:  1.00 KB

MaxMetaspaceSize: 17179869184.00 GB
CompressedClassSpaceSize: 1.00 GB

CodeHeap 'non-profiled nmethods': size=120000Kb used=58Kb max_used=58Kb free=119942Kb
 bounds [0x0000017727a00000, 0x0000017727c70000, 0x000001772ef30000]
CodeHeap 'profiled nmethods': size=120000Kb used=293Kb max_used=293Kb free=119707Kb
 bounds [0x00000177204d0000, 0x0000017720740000, 0x0000017727a00000]
CodeHeap 'non-nmethods': size=5760Kb used=1052Kb max_used=1065Kb free=4707Kb
 bounds [0x000001771ff30000, 0x00000177201a0000, 0x00000177204d0000]
 total_blobs=891 nmethods=221 adapters=247
 compilation: enabled
              stopped_count=0, restarted_count=0
 full_count=0

Compilation events (20 events):
Event: 0.106 Thread 0x0000017733870800  120       3       java.lang.AbstractStringBuilder::putStringAt (29 bytes)
Event: 0.106 Thread 0x0000017733870800 nmethod 120 0x00000177204fb510 code [0x00000177204fb700, 0x00000177204fba60]
Event: 0.106 Thread 0x0000017733870800  121       3       java.lang.AbstractStringBuilder::getCoder (15 bytes)
Event: 0.106 Thread 0x0000017733870800 nmethod 121 0x00000177204fbb90 code [0x00000177204fbd40, 0x00000177204fbed8]
Event: 0.106 Thread 0x0000017733870800  122       3       java.lang.String::getBytes (44 bytes)
Event: 0.106 Thread 0x0000017733870800 nmethod 122 0x00000177204fbf90 code [0x00000177204fc180, 0x00000177204fc520]
Event: 0.106 Thread 0x0000017733870800  118       3       java.lang.StringBuilder::append (8 bytes)
Event: 0.106 Thread 0x0000017733870800 nmethod 118 0x00000177204fc690 code [0x00000177204fc840, 0x00000177204fc9f0]
Event: 0.106 Thread 0x0000017733870800  119       3       java.lang.AbstractStringBuilder::append (45 bytes)
Event: 0.106 Thread 0x0000017733870800 nmethod 119 0x00000177204fca90 code [0x00000177204fccc0, 0x00000177204fd240]
Event: 0.106 Thread 0x0000017733870800  123       3       java.util.concurrent.ConcurrentHashMap::setTabAt (20 bytes)
Event: 0.107 Thread 0x0000017733870800 nmethod 123 0x00000177204fd490 code [0x00000177204fd640, 0x00000177204fd918]
Event: 0.107 Thread 0x0000017733870800  125       3       java.util.concurrent.ConcurrentHashMap::get (162 bytes)
Event: 0.107 Thread 0x0000017733870800 nmethod 125 0x00000177204fda10 code [0x00000177204fdc80, 0x00000177204fe9a0]
Event: 0.107 Thread 0x0000017733870800  124       3       java.lang.String::isEmpty (14 bytes)
Event: 0.107 Thread 0x0000017733870800 nmethod 124 0x00000177204fed10 code [0x00000177204feec0, 0x00000177204ff078]
Event: 0.107 Thread 0x0000017733870800  126       3       java.lang.Character::toLowerCase (6 bytes)
Event: 0.107 Thread 0x0000017733870800 nmethod 126 0x00000177204ff110 code [0x00000177204ff2e0, 0x00000177204ff580]
Event: 0.109 Thread 0x0000017733870800  127       1       java.lang.Enum::ordinal (5 bytes)
Event: 0.109 Thread 0x0000017733870800 nmethod 127 0x0000017727a05f10 code [0x0000017727a060c0, 0x0000017727a061d8]

GC Heap History (0 events):
No events

Deoptimization events (8 events):
Event: 0.079 Thread 0x00000177178d9000 Uncommon trap: trap_request=0xffffff4d fr.pc=0x0000017727a01190 relative=0x0000000000000070
Event: 0.079 Thread 0x00000177178d9000 Uncommon trap: reason=unstable_if action=reinterpret pc=0x0000017727a01190 method=java.lang.String.isLatin1()Z @ 10 c2
Event: 0.079 Thread 0x00000177178d9000 DEOPT PACKING pc=0x0000017727a01190 sp=0x0000000821fff160
Event: 0.079 Thread 0x00000177178d9000 DEOPT UNPACKING pc=0x000001771ff58eaf sp=0x0000000821fff0a0 mode 2
Event: 0.080 Thread 0x00000177178d9000 Uncommon trap: trap_request=0xffffff4d fr.pc=0x0000017727a05028 relative=0x0000000000000188
Event: 0.080 Thread 0x00000177178d9000 Uncommon trap: reason=unstable_if action=reinterpret pc=0x0000017727a05028 method=java.lang.String.hashCode()I @ 14 c2
Event: 0.080 Thread 0x00000177178d9000 DEOPT PACKING pc=0x0000017727a05028 sp=0x0000000821ffd9a0
Event: 0.080 Thread 0x00000177178d9000 DEOPT UNPACKING pc=0x000001771ff58eaf sp=0x0000000821ffd938 mode 2

Classes redefined (0 events):
No events

Internal exceptions (0 events):
No events

Events (20 events):
Event: 0.108 loading class java/util/EnumMap$1 done
Event: 0.108 loading class java/lang/Class$3
Event: 0.108 loading class java/lang/Class$3 done
Event: 0.108 loading class sun/reflect/annotation/AnnotationParser
Event: 0.108 loading class sun/reflect/annotation/AnnotationParser done
Event: 0.109 loading class jdk/internal/reflect/NativeMethodAccessorImpl
Event: 0.109 loading class jdk/internal/reflect/NativeMethodAccessorImpl done
Event: 0.109 loading class jdk/internal/reflect/DelegatingMethodAccessorImpl
Event: 0.109 loading class jdk/internal/reflect/DelegatingMethodAccessorImpl done
Event: 0.109 loading class java/lang/invoke/LambdaMetafactory
Event: 0.109 loading class java/lang/invoke/LambdaMetafactory done
Event: 0.109 loading class java/lang/invoke/LambdaForm$NamedFunction
Event: 0.109 loading class java/lang/invoke/LambdaForm$NamedFunction done
Event: 0.109 loading class java/lang/invoke/DirectMethodHandle$Holder
Event: 0.109 loading class java/lang/invoke/DirectMethodHandle$Holder done
Event: 0.110 loading class sun/invoke/util/ValueConversions
Event: 0.110 loading class sun/invoke/util/ValueConversions done
Event: 0.110 loading class java/lang/invoke/MethodHandleImpl
Event: 0.110 loading class java/lang/invoke/MethodHandleImpl done
Event: 0.110 loading class java/lang/invoke/Invokers


Dynamic libraries:
0x00007ff78a300000 - 0x00007ff78a30d000 	C:\Program Files\AdoptOpenJDK\jdk-11.0.7.10-hotspot\bin\java.exe
0x00007ffb87200000 - 0x00007ffb873f0000 	C:\WINDOWS\SYSTEM32\ntdll.dll
0x00007ffb85a20000 - 0x00007ffb85ad2000 	C:\WINDOWS\System32\KERNEL32.DLL
0x00007ffb84e60000 - 0x00007ffb85104000 	C:\WINDOWS\System32\KERNELBASE.dll
0x00007ffb84d40000 - 0x00007ffb84e3a000 	C:\WINDOWS\System32\ucrtbase.dll
0x00007ffb7bde0000 - 0x00007ffb7bdf7000 	C:\Program Files\AdoptOpenJDK\jdk-11.0.7.10-hotspot\bin\jli.dll
0x00007ffb79ec0000 - 0x00007ffb79ed5000 	C:\Program Files\AdoptOpenJDK\jdk-11.0.7.10-hotspot\bin\VCRUNTIME140.dll
0x00007ffb85730000 - 0x00007ffb858c4000 	C:\WINDOWS\System32\USER32.dll
0x00007ffb7e5e0000 - 0x00007ffb7e864000 	C:\WINDOWS\WinSxS\amd64_microsoft.windows.common-controls_6595b64144ccf1df_6.0.18362.959_none_e6c7bbbf130c62bb\COMCTL32.dll
0x00007ffb84d10000 - 0x00007ffb84d31000 	C:\WINDOWS\System32\win32u.dll
0x00007ffb86130000 - 0x00007ffb861ce000 	C:\WINDOWS\System32\msvcrt.dll
0x00007ffb85fa0000 - 0x00007ffb85fc6000 	C:\WINDOWS\System32\GDI32.dll
0x00007ffb852b0000 - 0x00007ffb855e5000 	C:\WINDOWS\System32\combase.dll
0x00007ffb84300000 - 0x00007ffb84496000 	C:\WINDOWS\System32\gdi32full.dll
0x00007ffb86e00000 - 0x00007ffb86f20000 	C:\WINDOWS\System32\RPCRT4.dll
0x00007ffb85160000 - 0x00007ffb851fe000 	C:\WINDOWS\System32\msvcp_win.dll
0x00007ffb84c90000 - 0x00007ffb84d10000 	C:\WINDOWS\System32\bcryptPrimitives.dll
0x00007ffb86f20000 - 0x00007ffb86f4e000 	C:\WINDOWS\System32\IMM32.DLL
0x00007ffb6f020000 - 0x00007ffb6f0bb000 	C:\Program Files\AdoptOpenJDK\jdk-11.0.7.10-hotspot\bin\msvcp140.dll
0x00007ffb3b4a0000 - 0x00007ffb3bf5c000 	C:\Program Files\AdoptOpenJDK\jdk-11.0.7.10-hotspot\bin\server\jvm.dll
0x00007ffb85de0000 - 0x00007ffb85e83000 	C:\WINDOWS\System32\ADVAPI32.dll
0x00007ffb85980000 - 0x00007ffb85a17000 	C:\WINDOWS\System32\sechost.dll
0x00007ffb85dd0000 - 0x00007ffb85dd8000 	C:\WINDOWS\System32\PSAPI.DLL
0x00007ffb7db40000 - 0x00007ffb7db4a000 	C:\WINDOWS\SYSTEM32\VERSION.dll
0x00007ffb80870000 - 0x00007ffb80879000 	C:\WINDOWS\SYSTEM32\WSOCK32.dll
0x00007ffb7abf0000 - 0x00007ffb7ac14000 	C:\WINDOWS\SYSTEM32\WINMM.dll
0x00007ffb86230000 - 0x00007ffb8629f000 	C:\WINDOWS\System32\WS2_32.dll
0x00007ffb7abc0000 - 0x00007ffb7abed000 	C:\WINDOWS\SYSTEM32\WINMMBASE.dll
0x00007ffb85110000 - 0x00007ffb8515a000 	C:\WINDOWS\System32\cfgmgr32.dll
0x00007ffb840c0000 - 0x00007ffb840d1000 	C:\WINDOWS\System32\kernel.appcore.dll
0x00007ffb7c210000 - 0x00007ffb7c220000 	C:\Program Files\AdoptOpenJDK\jdk-11.0.7.10-hotspot\bin\verify.dll
0x00007ffb7cbd0000 - 0x00007ffb7cdc4000 	C:\WINDOWS\SYSTEM32\DBGHELP.DLL
0x00007ffb7c990000 - 0x00007ffb7c9ba000 	C:\WINDOWS\SYSTEM32\dbgcore.DLL
0x00007ffb788e0000 - 0x00007ffb78908000 	C:\Program Files\AdoptOpenJDK\jdk-11.0.7.10-hotspot\bin\java.dll
0x00007ffb788c0000 - 0x00007ffb788d6000 	C:\Program Files\AdoptOpenJDK\jdk-11.0.7.10-hotspot\bin\zip.dll
0x00007ffb7bd80000 - 0x00007ffb7bd8a000 	C:\Program Files\AdoptOpenJDK\jdk-11.0.7.10-hotspot\bin\jimage.dll
0x00007ffb862a0000 - 0x00007ffb86986000 	C:\WINDOWS\System32\SHELL32.dll
0x00007ffb85ae0000 - 0x00007ffb85b89000 	C:\WINDOWS\System32\shcore.dll
0x00007ffb84500000 - 0x00007ffb84c82000 	C:\WINDOWS\System32\windows.storage.dll
0x00007ffb84100000 - 0x00007ffb84123000 	C:\WINDOWS\System32\profapi.dll
0x00007ffb84130000 - 0x00007ffb8417a000 	C:\WINDOWS\System32\powrprof.dll
0x00007ffb840b0000 - 0x00007ffb840c0000 	C:\WINDOWS\System32\UMPDC.dll
0x00007ffb85e90000 - 0x00007ffb85ee2000 	C:\WINDOWS\System32\shlwapi.dll
0x00007ffb84e40000 - 0x00007ffb84e57000 	C:\WINDOWS\System32\cryptsp.dll
0x00007ffb788a0000 - 0x00007ffb788b9000 	C:\Program Files\AdoptOpenJDK\jdk-11.0.7.10-hotspot\bin\net.dll
0x00007ffb7eec0000 - 0x00007ffb7efb0000 	C:\WINDOWS\SYSTEM32\WINHTTP.dll
0x00007ffb83920000 - 0x00007ffb83987000 	C:\WINDOWS\system32\mswsock.dll
0x00007ffb787d0000 - 0x00007ffb787e2000 	C:\Program Files\AdoptOpenJDK\jdk-11.0.7.10-hotspot\bin\nio.dll

dbghelp: loaded successfully - version: 4.0.5 - missing functions: none
symbol engine: initialized successfully - sym options: 0x614 - pdb path: .;C:\Program Files\AdoptOpenJDK\jdk-11.0.7.10-hotspot\bin;C:\WINDOWS\SYSTEM32;C:\WINDOWS\WinSxS\amd64_microsoft.windows.common-controls_6595b64144ccf1df_6.0.18362.959_none_e6c7bbbf130c62bb;C:\Program Files\AdoptOpenJDK\jdk-11.0.7.10-hotspot\bin\server

VM Arguments:
jvm_args: -Dorg.gradle.native=false -Xmx512m -Dfile.encoding=windows-1252 -Duser.country=US -Duser.language=en -Duser.variant -ea 
java_command: worker.org.gradle.process.internal.worker.GradleWorkerMain 'Gradle Test Executor 2'
java_class_path (initial): C:\Users\Tlio Henrique\.gradle\caches\6.1.1\workerMain\gradle-worker.jar;D:\Projects\DataStructureAndAlgorithms\build\classes\java\test;D:\Projects\DataStructureAndAlgorithms\build\classes\kotlin\test;D:\Projects\DataStructureAndAlgorithms\build\resources\test;D:\Projects\DataStructureAndAlgorithms\build\classes\java\main;D:\Projects\DataStructureAndAlgorithms\build\classes\kotlin\main;D:\Projects\DataStructureAndAlgorithms\build\resources\main;C:\Users\Tlio Henrique\.gradle\caches\modules-2\files-2.1\org.jetbrains.kotlin\kotlin-stdlib-jdk8\1.3.72\916d54b9eb6442b615e6f1488978f551c0674720\kotlin-stdlib-jdk8-1.3.72.jar;C:\Users\Tlio Henrique\.gradle\caches\modules-2\files-2.1\junit\junit\4.12\2973d150c0dc1fefe998f834810d68f278ea58ec\junit-4.12.jar;C:\Users\Tlio Henrique\.gradle\caches\modules-2\files-2.1\io.mockk\mockk\1.10.0\a19a1252ed960831e81d7d83473554f76761b319\mockk-1.10.0.jar;C:\Users\Tlio Henrique\.gradle\caches\modules-2\files-2.1\org.jetbrains.kotlin\kotlin-stdlib-jdk7\1.3.72\3adfc2f4ea4243e01204be8081fe63bde6b12815\kotlin-stdlib-jdk7-1.3.72.jar;C:\Users\Tlio Henrique\.gradle\caches\modules-2\files-2.1\io.mockk\mockk-dsl-jvm\1.10.0\1cc423685a1651fd2126cc48e317ca0a63b87807\mockk-dsl-jvm-1.10.0.jar;C:\Users\Tlio Henrique\.gradle\caches\modules-2\files-2.1\org.jetbrains.kotlin\kotlin-reflect\1.3.61\2e07c9a84c9e118efb70eede7e579fd663932122\kotlin-reflect-1.3.61.jar;C:\Users\Tlio Henrique\.gradle\caches\modules-2\files-2.1\org.jetbrains.kotlin\kotlin-stdlib\1.3.72\8032138f12c0180bc4e51fe139d4c52b46db6109\kotlin-stdlib-1.3.72.jar;C:\Users\Tlio Henrique\.gradle\caches\modules-2\files-2.1\org.hamcrest\hamcrest-core\1.3\42a25dc3219429f0e5d060061f71acb49bf010a0\hamcrest-core-1.3.jar;C:\Users\Tlio Henrique\.gradle\caches\modules-2\files-2.1\io.mockk\mockk-agent-jvm\1.10.0\9b42a88de1f13e6a11fc512e9147a09c4b4bd3bf\mockk-agent-jvm-1.10.0.jar;C:\Users\Tlio Henrique\.gradle\caches\modules-2\files-2.1\io.mockk\mockk-common\1.10.0\7d2b4
Launcher Type: SUN_STANDARD

[Global flags]
     intx CICompilerCount                          = 4                                         {product} {ergonomic}
     uint ConcGCThreads                            = 2                                         {product} {ergonomic}
     uint G1ConcRefinementThreads                  = 8                                         {product} {ergonomic}
   size_t G1HeapRegionSize                         = 1048576                                   {product} {ergonomic}
    uintx GCDrainStackTargetSize                   = 64                                        {product} {ergonomic}
   size_t InitialHeapSize                          = 268435456                                 {product} {ergonomic}
   size_t MarkStackSize                            = 4194304                                   {product} {ergonomic}
   size_t MaxHeapSize                              = 536870912                                 {product} {command line}
   size_t MaxNewSize                               = 321912832                                 {product} {ergonomic}
   size_t MinHeapDeltaBytes                        = 1048576                                   {product} {ergonomic}
    uintx NonNMethodCodeHeapSize                   = 5836300                                {pd product} {ergonomic}
    uintx NonProfiledCodeHeapSize                  = 122910970                              {pd product} {ergonomic}
    uintx ProfiledCodeHeapSize                     = 122910970                              {pd product} {ergonomic}
    uintx ReservedCodeCacheSize                    = 251658240                              {pd product} {ergonomic}
     bool SegmentedCodeCache                       = true                                      {product} {ergonomic}
     bool UseCompressedClassPointers               = true                                 {lp64_product} {ergonomic}
     bool UseCompressedOops                        = true                                 {lp64_product} {ergonomic}
     bool UseG1GC                                  = true                                      {product} {ergonomic}
     bool UseLargePagesIndividualAllocation        = false                                  {pd product} {ergonomic}

Logging:
Log output configuration:
 #0: stdout all=warning uptime,level,tags
 #1: stderr all=off uptime,level,tags

Environment Variables:
JAVA_HOME=C:\Program Files\AdoptOpenJDK\jdk-11.0.7.10-hotspot\
PATH=C:\Program Files\AdoptOpenJDK\jdk-11.0.7.10-hotspot\bin;C:\Program Files\NVIDIA GPU Computing Toolkit\CUDA\v10.1\bin;C:\Program Files\NVIDIA GPU Computing Toolkit\CUDA\v10.1\libnvvp;C:\WINDOWS\system32;C:\WINDOWS;C:\WINDOWS\System32\Wbem;C:\WINDOWS\System32\WindowsPowerShell\v1.0\;C:\WINDOWS\System32\OpenSSH\;C:\Program Files (x86)\NVIDIA Corporation\PhysX\Common;C:\Program Files\NVIDIA Corporation\NVIDIA NvDLISR;C:\Program Files\dotnet\;C:\Program Files\Microsoft SQL Server\130\Tools\Binn\;C:\Program Files (x86)\Windows Kits\10\Windows Performance Toolkit\;C:\Program Files\NVIDIA Corporation\Nsight Compute 2019.1\;C:\Program Files\Git\cmd;C:\WINDOWS\system32;C:\WINDOWS;C:\WINDOWS\System32\Wbem;C:\WINDOWS\System32\WindowsPowerShell\v1.0\;C:\WINDOWS\System32\OpenSSH\;C:\Users\T?lio Henrique\AppData\Local\Microsoft\WindowsApps;C:\Users\T?lio Henrique\AppData\Local\Programs\Microsoft VS Code\bin;C:\Users\T?lio Henrique\AppData\Local\Programs\Fiddler;C:\Android\Sdk\platform-tools;;C:\Users\T?lio Henrique\AppData\Local\hyper\app-3.0.2\resources\bin;C:\Users\T?lio Henrique\AppData\Local\hyper\app-3.0.2\resources\bin;C:\Users\Tlio Henrique\AppData\Local\hyper\app-3.0.2\resources\bin;C:\Users\Tlio Henrique\AppData\Local\Programs\Microsoft VS Code\bin
USERNAME=Tlio Henrique
OS=Windows_NT
PROCESSOR_IDENTIFIER=Intel64 Family 6 Model 58 Stepping 9, GenuineIntel



---------------  S Y S T E M  ---------------

OS: Windows 10 , 64 bit Build 18362 (10.0.18362.959)
OS uptime: 1 days 17:04 hours

CPU:total 8 (initial active 8) (4 cores per cpu, 2 threads per core) family 6 model 58 stepping 9, cmov, cx8, fxsr, mmx, sse, sse2, sse3, ssse3, sse4.1, sse4.2, popcnt, avx, aes, clmul, erms, ht, tsc, tscinvbit, tscinv

Memory: 4k page, system-wide physical 16268M (9714M free)
TotalPageFile size 18700M (AvailPageFile size 9351M)
current process WorkingSet (physical memory assigned to process): 42M, peak: 42M
current process commit charge ("private bytes"): 340M, peak: 340M

vm_info: OpenJDK 64-Bit Server VM (11.0.7+10) for windows-amd64 JRE (11.0.7+10), built on Apr 22 2020 11:46:09 by "" with MS VC++ 15.9 (VS2017)

END.
